(x) : 0.5		[abs:4]
(y) : 0.5		[abs:4]
(a) : 1		[abs:8]
(b) : 0.75		[abs:6]
(c) : 0.625		[abs:5]
(d) : 0.25		[abs:2]
(e) : 0.125		[abs:1]
(f) : 0.125		[abs:1]
(z) : 0.125		[abs:1]
(x) (a) : 0.5		[abs:4]
 1. [2.8, 3.2]
 2. [3.8, 4.2]
 3. [0.8, 1.2]
(x) (b) : 0.5		[abs:4]
 1. [1.8, 2.2]
 2. [0.8, 1.2]
(x) (c) : 0.25		[abs:2]
 1. [1.8, 2.2]
 2. [4.8, 5.2]
 3. [0.8, 1.2]
(x y) : 0.125		[abs:1]
(y) (a) : 0.5		[abs:4]
 1. [2.8, 3.2]
 2. [0.8, 1.2]
(y) (b) : 0.25		[abs:2]
 1. [0.8, 1.2]
 2. [1.8, 2.2]
(y) (c) : 0.25		[abs:2]
 1. [1.8, 2.2]
(y) (d) : 0.125		[abs:1]
 1. [2.8, 3.2]
(y) (e) : 0.125		[abs:1]
 1. [1.8, 2.2]
(y) (f) : 0.125		[abs:1]
 1. [2.8, 3.2]
(a) (b) : 0.125		[abs:1]
 1. [0.8, 1.2]
(a) (c) : 0.375		[abs:3]
 1. [0.8, 1.2]
(a) (d) : 0.25		[abs:2]
 1. [1.8, 2.2]
(a) (e) : 0.125		[abs:1]
 1. [0.8, 1.2]
(a) (f) : 0.125		[abs:1]
 1. [1.8, 2.2]
(b) (a) : 0.625		[abs:5]
 1. [2.8, 3.2]
 2. [0.8, 1.2]
 3. [1.8, 2.2]
(b) (c) : 0.5		[abs:4]
 1. [0.8, 1.2]
 2. [1.8, 2.2]
 3. [3.8, 4.2]
(b) (d) : 0.125		[abs:1]
 1. [2.8, 3.2]
(b c) : 0.125		[abs:1]
(c) (a) : 0.375		[abs:3]
 1. [2.8, 3.2]
 2. [0.8, 1.2]
(c) (c) : 0.125		[abs:1]
 1. [3.8, 4.2]
(c) (d) : 0.25		[abs:2]
 1. [0.8, 1.2]
(e) (f) : 0.125		[abs:1]
 1. [0.8, 1.2]
(z) (a) : 0.125		[abs:1]
 1. [1.8, 2.2]
(z) (b) : 0.125		[abs:1]
 1. [0.8, 1.2]
(z) (c) : 0.125		[abs:1]
 1. [2.8, 3.2]
(z) (d) : 0.125		[abs:1]
 1. [3.8, 4.2]
(x) (a) (b) : 0.125		[abs:1]
 1. [0.8, 1.2]			[0.8, 1.2]
(x) (a) (c) : 0.125		[abs:1]
 1. [3.8, 4.2]			[0.8, 1.2]
(x) (b) (a) : 0.375		[abs:3]
 1. [0.8, 1.2]			[2.8, 3.2]
 2. [0.8, 1.2]			[1.8, 2.2]
(x) (b) (c) : 0.25		[abs:2]
 1. [0.8, 1.2]			[3.8, 4.2]
 2. [0.8, 1.2]			[0.8, 1.2]
(x) (b c) : 0.125		[abs:1]
 1. [0.8, 1.2]
(x) (c) (a) : 0.25		[abs:2]
 1. [1.8, 2.2]			[0.8, 1.2]
 2. [0.8, 1.2]			[2.8, 3.2]
(x) (c) (c) : 0.125		[abs:1]
 1. [0.8, 1.2]			[3.8, 4.2]
(x y) (a) : 0.125		[abs:1]
 1. [0.8, 1.2]
(x y) (b) : 0.125		[abs:1]
 1. [1.8, 2.2]
(y) (a) (b) : 0.125		[abs:1]
 1. [0.8, 1.2]			[0.8, 1.2]
(y) (a) (c) : 0.125		[abs:1]
 1. [0.8, 1.2]			[0.8, 1.2]
(y) (a) (d) : 0.125		[abs:1]
 1. [0.8, 1.2]			[1.8, 2.2]
(y) (a) (e) : 0.125		[abs:1]
 1. [0.8, 1.2]			[0.8, 1.2]
(y) (a) (f) : 0.125		[abs:1]
 1. [0.8, 1.2]			[1.8, 2.2]
(y) (b) (a) : 0.125		[abs:1]
 1. [0.8, 1.2]			[1.8, 2.2]
(y) (b) (c) : 0.125		[abs:1]
 1. [0.8, 1.2]			[0.8, 1.2]
(y) (c) (a) : 0.125		[abs:1]
 1. [1.8, 2.2]			[0.8, 1.2]
(y) (c) (d) : 0.125		[abs:1]
 1. [1.8, 2.2]			[0.8, 1.2]
(y) (e) (f) : 0.125		[abs:1]
 1. [1.8, 2.2]			[0.8, 1.2]
(a) (c) (d) : 0.25		[abs:2]
 1. [0.8, 1.2]			[0.8, 1.2]
(a) (e) (f) : 0.125		[abs:1]
 1. [0.8, 1.2]			[0.8, 1.2]
(b) (a) (c) : 0.25		[abs:2]
 1. [0.8, 1.2]			[0.8, 1.2]
 2. [2.8, 3.2]			[0.8, 1.2]
(b) (a) (d) : 0.125		[abs:1]
 1. [0.8, 1.2]			[1.8, 2.2]
(b) (c) (a) : 0.25		[abs:2]
 1. [0.8, 1.2]			[0.8, 1.2]
(b) (c) (d) : 0.125		[abs:1]
 1. [1.8, 2.2]			[0.8, 1.2]
(b c) (a) : 0.125		[abs:1]
 1. [2.8, 3.2]
(b c) (c) : 0.125		[abs:1]
 1. [3.8, 4.2]
(c) (a) (c) : 0.125		[abs:1]
 1. [2.8, 3.2]			[0.8, 1.2]
(z) (a) (c) : 0.125		[abs:1]
 1. [1.8, 2.2]			[0.8, 1.2]
(z) (a) (d) : 0.125		[abs:1]
 1. [1.8, 2.2]			[1.8, 2.2]
(z) (b) (a) : 0.125		[abs:1]
 1. [0.8, 1.2]			[0.8, 1.2]
(z) (b) (c) : 0.125		[abs:1]
 1. [0.8, 1.2]			[1.8, 2.2]
(z) (b) (d) : 0.125		[abs:1]
 1. [0.8, 1.2]			[2.8, 3.2]
(z) (c) (d) : 0.125		[abs:1]
 1. [2.8, 3.2]			[0.8, 1.2]
(x) (b) (a) (c) : 0.125		[abs:1]
 1. [0.8, 1.2]			[2.8, 3.2]			[0.8, 1.2]
(x) (b) (c) (a) : 0.125		[abs:1]
 1. [0.8, 1.2]			[0.8, 1.2]			[0.8, 1.2]
(x) (b c) (a) : 0.125		[abs:1]
 1. [0.8, 1.2]			[2.8, 3.2]
(x) (b c) (c) : 0.125		[abs:1]
 1. [0.8, 1.2]			[3.8, 4.2]
(x) (c) (a) (c) : 0.125		[abs:1]
 1. [0.8, 1.2]			[2.8, 3.2]			[0.8, 1.2]
(x y) (a) (b) : 0.125		[abs:1]
 1. [0.8, 1.2]			[0.8, 1.2]
(y) (a) (c) (d) : 0.125		[abs:1]
 1. [0.8, 1.2]			[0.8, 1.2]			[0.8, 1.2]
(y) (a) (e) (f) : 0.125		[abs:1]
 1. [0.8, 1.2]			[0.8, 1.2]			[0.8, 1.2]
(y) (b) (c) (a) : 0.125		[abs:1]
 1. [0.8, 1.2]			[0.8, 1.2]			[0.8, 1.2]
(b) (a) (c) (d) : 0.125		[abs:1]
 1. [0.8, 1.2]			[0.8, 1.2]			[0.8, 1.2]
(b c) (a) (c) : 0.125		[abs:1]
 1. [2.8, 3.2]			[0.8, 1.2]
(z) (a) (c) (d) : 0.125		[abs:1]
 1. [1.8, 2.2]			[0.8, 1.2]			[0.8, 1.2]
(z) (b) (a) (c) : 0.125		[abs:1]
 1. [0.8, 1.2]			[0.8, 1.2]			[0.8, 1.2]
(z) (b) (a) (d) : 0.125		[abs:1]
 1. [0.8, 1.2]			[0.8, 1.2]			[1.8, 2.2]
(z) (b) (c) (d) : 0.125		[abs:1]
 1. [0.8, 1.2]			[1.8, 2.2]			[0.8, 1.2]
(x) (b c) (a) (c) : 0.125		[abs:1]
 1. [0.8, 1.2]			[2.8, 3.2]			[0.8, 1.2]
(z) (b) (a) (c) (d) : 0.125		[abs:1]
 1. [0.8, 1.2]			[0.8, 1.2]			[0.8, 1.2]			[0.8, 1.2]
